[debug] [2023-12-22T16:55:18.690Z] ----------------------------------------------------------------------
[debug] [2023-12-22T16:55:18.692Z] Command:       C:\Users\Utente\DOWNLO~1\firebase-tools-instant-win.exe C:\Users\Utente\.cache\firebase\tools\lib\node_modules\firebase-tools\lib\bin\firebase init
[debug] [2023-12-22T16:55:18.693Z] CLI Version:   13.0.2
[debug] [2023-12-22T16:55:18.693Z] Platform:      win32
[debug] [2023-12-22T16:55:18.693Z] Node Version:  v18.5.0
[debug] [2023-12-22T16:55:18.694Z] Time:          Fri Dec 22 2023 17:55:18 GMT+0100 (GMT+01:00)
[debug] [2023-12-22T16:55:18.694Z] ----------------------------------------------------------------------
[debug] 
[debug] [2023-12-22T16:55:18.763Z] > command requires scopes: ["email","openid","https://www.googleapis.com/auth/cloudplatformprojects.readonly","https://www.googleapis.com/auth/firebase","https://www.googleapis.com/auth/cloud-platform"]
[debug] [2023-12-22T16:55:18.763Z] > authorizing via signed-in user (raffaelecaravetta13@gmail.com)
[info] 
     ######## #### ########  ######## ########     ###     ######  ########
     ##        ##  ##     ## ##       ##     ##  ##   ##  ##       ##
     ######    ##  ########  ######   ########  #########  ######  ######
     ##        ##  ##    ##  ##       ##     ## ##     ##       ## ##
     ##       #### ##     ## ######## ########  ##     ##  ######  ########

You're about to initialize a Firebase project in this directory:

  C:\Users\Utente\Desktop\Progetti\Portfolio\portfolio

Before we get started, keep in mind:

  * You are initializing within an existing Firebase project directory

[info] 
=== Project Setup
[info] 
[info] First, let's associate this project directory with a Firebase project.
[info] You can create multiple project aliases by running firebase use --add, 
[info] but for now we'll just set up a default project.
[info] 
[debug] [2023-12-22T16:55:23.540Z] Using project from CLI flag: portfolioraffaelecaravetta
[debug] [2023-12-22T16:55:23.541Z] > refreshing access token with scopes: []
[debug] [2023-12-22T16:55:23.543Z] >>> [apiv2][query] POST https://www.googleapis.com/oauth2/v3/token [none]
[debug] [2023-12-22T16:55:23.543Z] >>> [apiv2][body] POST https://www.googleapis.com/oauth2/v3/token [omitted]
[debug] [2023-12-22T16:55:23.742Z] <<< [apiv2][status] POST https://www.googleapis.com/oauth2/v3/token 200
[debug] [2023-12-22T16:55:23.742Z] <<< [apiv2][body] POST https://www.googleapis.com/oauth2/v3/token [omitted]
[debug] [2023-12-22T16:55:23.755Z] >>> [apiv2][query] GET https://firebase.googleapis.com/v1beta1/projects/portfolioraffaelecaravetta [none]
[debug] [2023-12-22T16:55:24.072Z] <<< [apiv2][status] GET https://firebase.googleapis.com/v1beta1/projects/portfolioraffaelecaravetta 200
[debug] [2023-12-22T16:55:24.072Z] <<< [apiv2][body] GET https://firebase.googleapis.com/v1beta1/projects/portfolioraffaelecaravetta {"projectId":"portfolioraffaelecaravetta","projectNumber":"298811796755","displayName":"portfolioraffaelecaravetta","name":"projects/portfolioraffaelecaravetta","resources":{"hostingSite":"portfolioraffaelecaravetta"},"state":"ACTIVE","etag":"1_173ad9ad-b012-4062-a537-73224f12a2ad"}
[info] i  Using project portfolioraffaelecaravetta (portfolioraffaelecaravetta) 
[info] 
=== Hosting Setup
[debug] [2023-12-22T16:55:24.076Z] >>> [apiv2][query] GET https://firebase.googleapis.com/v1beta1/projects/portfolioraffaelecaravetta [none]
[debug] [2023-12-22T16:55:24.381Z] <<< [apiv2][status] GET https://firebase.googleapis.com/v1beta1/projects/portfolioraffaelecaravetta 200
[debug] [2023-12-22T16:55:24.381Z] <<< [apiv2][body] GET https://firebase.googleapis.com/v1beta1/projects/portfolioraffaelecaravetta {"projectId":"portfolioraffaelecaravetta","projectNumber":"298811796755","displayName":"portfolioraffaelecaravetta","name":"projects/portfolioraffaelecaravetta","resources":{"hostingSite":"portfolioraffaelecaravetta"},"state":"ACTIVE","etag":"1_173ad9ad-b012-4062-a537-73224f12a2ad"}
[info] 
[info] Your public directory is the folder (relative to your project directory) that
[info] will contain Hosting assets to be uploaded with firebase deploy. If you
[info] have a build process for your assets, use your build's output directory.
[info] 
